# JRE version: Java(TM) SE Runtime Environment (8.0_121-b13) (build 1.8.0_121-b13)
# Java VM: Java HotSpot(TM) 64-Bit Server VM (25.121-b13 mixed mode windows-amd64 compressed oops)
Heap:
 PSYoungGen      total 142848K, used 72419K [0x000000076cd00000, 0x0000000776a00000, 0x00000007c0000000)
  eden space 124928K, 43% used [0x000000076cd00000,0x00000007702406e8,0x0000000774700000)
  from space 17920K, 99% used [0x0000000775880000,0x00000007769f8648,0x0000000776a00000)
  to   space 10240K, 0% used [0x0000000774b00000,0x0000000774b00000,0x0000000775500000)
 ParOldGen       total 136192K, used 27644K [0x00000006c6600000, 0x00000006ceb00000, 0x000000076cd00000)
  object space 136192K, 20% used [0x00000006c6600000,0x00000006c80ff238,0x00000006ceb00000)
 Metaspace       used 24492K, capacity 25122K, committed 25392K, reserved 1071104K
  class space    used 2851K, capacity 3004K, committed 3120K, reserved 1048576K
GC Heap History (10 events):
Event: 2.330 GC heap before
{Heap before GC invocations=3 (full 0):
 PSYoungGen      total 74752K, used 74728K [0x000000076cd00000, 0x0000000772000000, 0x00000007c0000000)
  eden space 64512K, 100% used [0x000000076cd00000,0x0000000770c00000,0x0000000770c00000)
  from space 10240K, 99% used [0x0000000771600000,0x0000000771ffa040,0x0000000772000000)
  to   space 10240K, 0% used [0x0000000770c00000,0x0000000770c00000,0x0000000771600000)
 ParOldGen       total 171008K, used 2964K [0x00000006c6600000, 0x00000006d0d00000, 0x000000076cd00000)
  object space 171008K, 1% used [0x00000006c6600000,0x00000006c68e5180,0x00000006d0d00000)
 Metaspace       used 15933K, capacity 16244K, committed 16384K, reserved 1062912K
  class space    used 1898K, capacity 1982K, committed 2048K, reserved 1048576K
Event: 2.340 GC heap after
Heap after GC invocations=3 (full 0):
 PSYoungGen      total 74752K, used 10216K [0x000000076cd00000, 0x0000000775f00000, 0x00000007c0000000)
  eden space 64512K, 0% used [0x000000076cd00000,0x000000076cd00000,0x0000000770c00000)
  from space 10240K, 99% used [0x0000000770c00000,0x00000007715fa020,0x0000000771600000)
  to   space 10240K, 0% used [0x0000000775500000,0x0000000775500000,0x0000000775f00000)
 ParOldGen       total 171008K, used 10108K [0x00000006c6600000, 0x00000006d0d00000, 0x000000076cd00000)
  object space 171008K, 5% used [0x00000006c6600000,0x00000006c6fdf388,0x00000006d0d00000)
 Metaspace       used 15933K, capacity 16244K, committed 16384K, reserved 1062912K
  class space    used 1898K, capacity 1982K, committed 2048K, reserved 1048576K
}
Event: 3.134 GC heap before
{Heap before GC invocations=4 (full 0):
 PSYoungGen      total 74752K, used 74728K [0x000000076cd00000, 0x0000000775f00000, 0x00000007c0000000)
  eden space 64512K, 100% used [0x000000076cd00000,0x0000000770c00000,0x0000000770c00000)
  from space 10240K, 99% used [0x0000000770c00000,0x00000007715fa020,0x0000000771600000)
  to   space 10240K, 0% used [0x0000000775500000,0x0000000775500000,0x0000000775f00000)
 ParOldGen       total 171008K, used 10108K [0x00000006c6600000, 0x00000006d0d00000, 0x000000076cd00000)
  object space 171008K, 5% used [0x00000006c6600000,0x00000006c6fdf388,0x00000006d0d00000)
 Metaspace       used 16382K, capacity 16736K, committed 16896K, reserved 1064960K
  class space    used 1916K, capacity 2016K, committed 2048K, reserved 1048576K
Event: 3.144 GC heap after
Heap after GC invocations=4 (full 0):
 PSYoungGen      total 139264K, used 10216K [0x000000076cd00000, 0x0000000775f00000, 0x00000007c0000000)
  eden space 129024K, 0% used [0x000000076cd00000,0x000000076cd00000,0x0000000774b00000)
  from space 10240K, 99% used [0x0000000775500000,0x0000000775efa040,0x0000000775f00000)
  to   space 10240K, 0% used [0x0000000774b00000,0x0000000774b00000,0x0000000775500000)
 ParOldGen       total 171008K, used 14931K [0x00000006c6600000, 0x00000006d0d00000, 0x000000076cd00000)
  object space 171008K, 8% used [0x00000006c6600000,0x00000006c7494fe8,0x00000006d0d00000)
 Metaspace       used 16382K, capacity 16736K, committed 16896K, reserved 1064960K
  class space    used 1916K, capacity 2016K, committed 2048K, reserved 1048576K
}
Event: 4.359 GC heap before
{Heap before GC invocations=5 (full 0):
 PSYoungGen      total 139264K, used 59173K [0x000000076cd00000, 0x0000000775f00000, 0x00000007c0000000)
  eden space 129024K, 37% used [0x000000076cd00000,0x000000076fccf580,0x0000000774b00000)
  from space 10240K, 99% used [0x0000000775500000,0x0000000775efa040,0x0000000775f00000)
  to   space 10240K, 0% used [0x0000000774b00000,0x0000000774b00000,0x0000000775500000)
 ParOldGen       total 171008K, used 14931K [0x00000006c6600000, 0x00000006d0d00000, 0x000000076cd00000)
  object space 171008K, 8% used [0x00000006c6600000,0x00000006c7494fe8,0x00000006d0d00000)
 Metaspace       used 20776K, capacity 21182K, committed 21296K, reserved 1069056K
  class space    used 2483K, capacity 2585K, committed 2608K, reserved 1048576K
Event: 4.368 GC heap after
Heap after GC invocations=5 (full 0):
 PSYoungGen      total 135168K, used 10237K [0x000000076cd00000, 0x0000000776a00000, 0x00000007c0000000)
  eden space 124928K, 0% used [0x000000076cd00000,0x000000076cd00000,0x0000000774700000)
  from space 10240K, 99% used [0x0000000774b00000,0x00000007754ff450,0x0000000775500000)
  to   space 17920K, 0% used [0x0000000775880000,0x0000000775880000,0x0000000776a00000)
 ParOldGen       total 171008K, used 18854K [0x00000006c6600000, 0x00000006d0d00000, 0x000000076cd00000)
  object space 171008K, 11% used [0x00000006c6600000,0x00000006c7869828,0x00000006d0d00000)
 Metaspace       used 20776K, capacity 21182K, committed 21296K, reserved 1069056K
  class space    used 2483K, capacity 2585K, committed 2608K, reserved 1048576K
}
Event: 4.368 GC heap before
{Heap before GC invocations=6 (full 1):
 PSYoungGen      total 135168K, used 10237K [0x000000076cd00000, 0x0000000776a00000, 0x00000007c0000000)
  eden space 124928K, 0% used [0x000000076cd00000,0x000000076cd00000,0x0000000774700000)
  from space 10240K, 99% used [0x0000000774b00000,0x00000007754ff450,0x0000000775500000)
  to   space 17920K, 0% used [0x0000000775880000,0x0000000775880000,0x0000000776a00000)
 ParOldGen       total 171008K, used 18854K [0x00000006c6600000, 0x00000006d0d00000, 0x000000076cd00000)
  object space 171008K, 11% used [0x00000006c6600000,0x00000006c7869828,0x00000006d0d00000)
 Metaspace       used 20776K, capacity 21182K, committed 21296K, reserved 1069056K
  class space    used 2483K, capacity 2585K, committed 2608K, reserved 1048576K
Event: 4.430 GC heap after
Heap after GC invocations=6 (full 1):
 PSYoungGen      total 135168K, used 0K [0x000000076cd00000, 0x0000000776a00000, 0x00000007c0000000)
  eden space 124928K, 0% used [0x000000076cd00000,0x000000076cd00000,0x0000000774700000)
  from space 10240K, 0% used [0x0000000774b00000,0x0000000774b00000,0x0000000775500000)
  to   space 17920K, 0% used [0x0000000775880000,0x0000000775880000,0x0000000776a00000)
 ParOldGen       total 136192K, used 24798K [0x00000006c6600000, 0x00000006ceb00000, 0x000000076cd00000)
  object space 136192K, 18% used [0x00000006c6600000,0x00000006c7e37b28,0x00000006ceb00000)
 Metaspace       used 20776K, capacity 21182K, committed 21296K, reserved 1069056K
  class space    used 2483K, capacity 2585K, committed 2608K, reserved 1048576K
}
Event: 6.169 GC heap before
{Heap before GC invocations=7 (full 1):
 PSYoungGen      total 135168K, used 124928K [0x000000076cd00000, 0x0000000776a00000, 0x00000007c0000000)
  eden space 124928K, 100% used [0x000000076cd00000,0x0000000774700000,0x0000000774700000)
  from space 10240K, 0% used [0x0000000774b00000,0x0000000774b00000,0x0000000775500000)
  to   space 17920K, 0% used [0x0000000775880000,0x0000000775880000,0x0000000776a00000)
 ParOldGen       total 136192K, used 24798K [0x00000006c6600000, 0x00000006ceb00000, 0x000000076cd00000)
  object space 136192K, 18% used [0x00000006c6600000,0x00000006c7e37b28,0x00000006ceb00000)
 Metaspace       used 23953K, capacity 24488K, committed 24752K, reserved 1071104K
  class space    used 2788K, capacity 2918K, committed 2992K, reserved 1048576K
Event: 6.178 GC heap after
Heap after GC invocations=7 (full 1):
 PSYoungGen      total 142848K, used 17889K [0x000000076cd00000, 0x0000000776a00000, 0x00000007c0000000)
  eden space 124928K, 0% used [0x000000076cd00000,0x000000076cd00000,0x0000000774700000)
  from space 17920K, 99% used [0x0000000775880000,0x00000007769f8648,0x0000000776a00000)
  to   space 10240K, 0% used [0x0000000774b00000,0x0000000774b00000,0x0000000775500000)
 ParOldGen       total 136192K, used 27644K [0x00000006c6600000, 0x00000006ceb00000, 0x000000076cd00000)
  object space 136192K, 20% used [0x00000006c6600000,0x00000006c80ff238,0x00000006ceb00000)
 Metaspace       used 23953K, capacity 24488K, committed 24752K, reserved 1071104K
  class space    used 2788K, capacity 2918K, committed 2992K, reserved 1048576K
}

