# JRE version: Java(TM) SE Runtime Environment (8.0_121-b13) (build 1.8.0_121-b13)
# Java VM: Java HotSpot(TM) 64-Bit Server VM (25.121-b13 mixed mode windows-amd64 compressed oops)
Heap:
 PSYoungGen      total 139264K, used 36000K [0x000000076cd00000, 0x0000000775f00000, 0x00000007c0000000)
  eden space 129024K, 19% used [0x000000076cd00000,0x000000076e629290,0x0000000774b00000)
  from space 10240K, 99% used [0x0000000775500000,0x0000000775efed70,0x0000000775f00000)
  to   space 10240K, 0% used [0x0000000774b00000,0x0000000774b00000,0x0000000775500000)
 ParOldGen       total 135680K, used 34930K [0x00000006c6600000, 0x00000006cea80000, 0x000000076cd00000)
  object space 135680K, 25% used [0x00000006c6600000,0x00000006c881ca08,0x00000006cea80000)
 Metaspace       used 24323K, capacity 24882K, committed 25008K, reserved 1071104K
  class space    used 2838K, capacity 2967K, committed 2992K, reserved 1048576K
GC Heap History (10 events):
Event: 1.827 GC heap before
{Heap before GC invocations=3 (full 0):
 PSYoungGen      total 74752K, used 74728K [0x000000076cd00000, 0x0000000772000000, 0x00000007c0000000)
  eden space 64512K, 100% used [0x000000076cd00000,0x0000000770c00000,0x0000000770c00000)
  from space 10240K, 99% used [0x0000000771600000,0x0000000771ffa040,0x0000000772000000)
  to   space 10240K, 0% used [0x0000000770c00000,0x0000000770c00000,0x0000000771600000)
 ParOldGen       total 171008K, used 3080K [0x00000006c6600000, 0x00000006d0d00000, 0x000000076cd00000)
  object space 171008K, 1% used [0x00000006c6600000,0x00000006c6902180,0x00000006d0d00000)
 Metaspace       used 15921K, capacity 16172K, committed 16384K, reserved 1062912K
  class space    used 1897K, capacity 1980K, committed 2048K, reserved 1048576K
Event: 1.835 GC heap after
Heap after GC invocations=3 (full 0):
 PSYoungGen      total 74752K, used 10232K [0x000000076cd00000, 0x0000000775f00000, 0x00000007c0000000)
  eden space 64512K, 0% used [0x000000076cd00000,0x000000076cd00000,0x0000000770c00000)
  from space 10240K, 99% used [0x0000000770c00000,0x00000007715fe010,0x0000000771600000)
  to   space 10240K, 0% used [0x0000000775500000,0x0000000775500000,0x0000000775f00000)
 ParOldGen       total 171008K, used 9778K [0x00000006c6600000, 0x00000006d0d00000, 0x000000076cd00000)
  object space 171008K, 5% used [0x00000006c6600000,0x00000006c6f8cbb0,0x00000006d0d00000)
 Metaspace       used 15921K, capacity 16172K, committed 16384K, reserved 1062912K
  class space    used 1897K, capacity 1980K, committed 2048K, reserved 1048576K
}
Event: 2.195 GC heap before
{Heap before GC invocations=4 (full 0):
 PSYoungGen      total 74752K, used 74744K [0x000000076cd00000, 0x0000000775f00000, 0x00000007c0000000)
  eden space 64512K, 100% used [0x000000076cd00000,0x0000000770c00000,0x0000000770c00000)
  from space 10240K, 99% used [0x0000000770c00000,0x00000007715fe010,0x0000000771600000)
  to   space 10240K, 0% used [0x0000000775500000,0x0000000775500000,0x0000000775f00000)
 ParOldGen       total 171008K, used 9778K [0x00000006c6600000, 0x00000006d0d00000, 0x000000076cd00000)
  object space 171008K, 5% used [0x00000006c6600000,0x00000006c6f8cbb0,0x00000006d0d00000)
 Metaspace       used 16369K, capacity 16676K, committed 16896K, reserved 1064960K
  class space    used 1916K, capacity 2016K, committed 2048K, reserved 1048576K
Event: 2.203 GC heap after
Heap after GC invocations=4 (full 0):
 PSYoungGen      total 139264K, used 10232K [0x000000076cd00000, 0x0000000775f00000, 0x00000007c0000000)
  eden space 129024K, 0% used [0x000000076cd00000,0x000000076cd00000,0x0000000774b00000)
  from space 10240K, 99% used [0x0000000775500000,0x0000000775efe050,0x0000000775f00000)
  to   space 10240K, 0% used [0x0000000774b00000,0x0000000774b00000,0x0000000775500000)
 ParOldGen       total 171008K, used 14730K [0x00000006c6600000, 0x00000006d0d00000, 0x000000076cd00000)
  object space 171008K, 8% used [0x00000006c6600000,0x00000006c7462810,0x00000006d0d00000)
 Metaspace       used 16369K, capacity 16676K, committed 16896K, reserved 1064960K
  class space    used 1916K, capacity 2016K, committed 2048K, reserved 1048576K
}
Event: 2.669 GC heap before
{Heap before GC invocations=5 (full 0):
 PSYoungGen      total 139264K, used 61503K [0x000000076cd00000, 0x0000000775f00000, 0x00000007c0000000)
  eden space 129024K, 39% used [0x000000076cd00000,0x000000076ff11f10,0x0000000774b00000)
  from space 10240K, 99% used [0x0000000775500000,0x0000000775efe050,0x0000000775f00000)
  to   space 10240K, 0% used [0x0000000774b00000,0x0000000774b00000,0x0000000775500000)
 ParOldGen       total 171008K, used 14730K [0x00000006c6600000, 0x00000006d0d00000, 0x000000076cd00000)
  object space 171008K, 8% used [0x00000006c6600000,0x00000006c7462810,0x00000006d0d00000)
 Metaspace       used 20752K, capacity 21186K, committed 21296K, reserved 1069056K
  class space    used 2483K, capacity 2585K, committed 2608K, reserved 1048576K
Event: 2.678 GC heap after
Heap after GC invocations=5 (full 0):
 PSYoungGen      total 139264K, used 10232K [0x000000076cd00000, 0x0000000775f00000, 0x00000007c0000000)
  eden space 129024K, 0% used [0x000000076cd00000,0x000000076cd00000,0x0000000774b00000)
  from space 10240K, 99% used [0x0000000774b00000,0x00000007754fe030,0x0000000775500000)
  to   space 10240K, 0% used [0x0000000775500000,0x0000000775500000,0x0000000775f00000)
 ParOldGen       total 171008K, used 18995K [0x00000006c6600000, 0x00000006d0d00000, 0x000000076cd00000)
  object space 171008K, 11% used [0x00000006c6600000,0x00000006c788cfa0,0x00000006d0d00000)
 Metaspace       used 20752K, capacity 21186K, committed 21296K, reserved 1069056K
  class space    used 2483K, capacity 2585K, committed 2608K, reserved 1048576K
}
Event: 2.678 GC heap before
{Heap before GC invocations=6 (full 1):
 PSYoungGen      total 139264K, used 10232K [0x000000076cd00000, 0x0000000775f00000, 0x00000007c0000000)
  eden space 129024K, 0% used [0x000000076cd00000,0x000000076cd00000,0x0000000774b00000)
  from space 10240K, 99% used [0x0000000774b00000,0x00000007754fe030,0x0000000775500000)
  to   space 10240K, 0% used [0x0000000775500000,0x0000000775500000,0x0000000775f00000)
 ParOldGen       total 171008K, used 18995K [0x00000006c6600000, 0x00000006d0d00000, 0x000000076cd00000)
  object space 171008K, 11% used [0x00000006c6600000,0x00000006c788cfa0,0x00000006d0d00000)
 Metaspace       used 20752K, capacity 21186K, committed 21296K, reserved 1069056K
  class space    used 2483K, capacity 2585K, committed 2608K, reserved 1048576K
Event: 2.739 GC heap after
Heap after GC invocations=6 (full 1):
 PSYoungGen      total 139264K, used 0K [0x000000076cd00000, 0x0000000775f00000, 0x00000007c0000000)
  eden space 129024K, 0% used [0x000000076cd00000,0x000000076cd00000,0x0000000774b00000)
  from space 10240K, 0% used [0x0000000774b00000,0x0000000774b00000,0x0000000775500000)
  to   space 10240K, 0% used [0x0000000775500000,0x0000000775500000,0x0000000775f00000)
 ParOldGen       total 135680K, used 24805K [0x00000006c6600000, 0x00000006cea80000, 0x000000076cd00000)
  object space 135680K, 18% used [0x00000006c6600000,0x00000006c7e39590,0x00000006cea80000)
 Metaspace       used 20752K, capacity 21186K, committed 21296K, reserved 1069056K
  class space    used 2483K, capacity 2585K, committed 2608K, reserved 1048576K
}
Event: 3.990 GC heap before
{Heap before GC invocations=7 (full 1):
 PSYoungGen      total 139264K, used 129024K [0x000000076cd00000, 0x0000000775f00000, 0x00000007c0000000)
  eden space 129024K, 100% used [0x000000076cd00000,0x0000000774b00000,0x0000000774b00000)
  from space 10240K, 0% used [0x0000000774b00000,0x0000000774b00000,0x0000000775500000)
  to   space 10240K, 0% used [0x0000000775500000,0x0000000775500000,0x0000000775f00000)
 ParOldGen       total 135680K, used 24805K [0x00000006c6600000, 0x00000006cea80000, 0x000000076cd00000)
  object space 135680K, 18% used [0x00000006c6600000,0x00000006c7e39590,0x00000006cea80000)
 Metaspace       used 23944K, capacity 24492K, committed 24752K, reserved 1071104K
  class space    used 2788K, capacity 2918K, committed 2992K, reserved 1048576K
Event: 3.999 GC heap after
Heap after GC invocations=7 (full 1):
 PSYoungGen      total 139264K, used 10235K [0x000000076cd00000, 0x0000000775f00000, 0x00000007c0000000)
  eden space 129024K, 0% used [0x000000076cd00000,0x000000076cd00000,0x0000000774b00000)
  from space 10240K, 99% used [0x0000000775500000,0x0000000775efed70,0x0000000775f00000)
  to   space 10240K, 0% used [0x0000000774b00000,0x0000000774b00000,0x0000000775500000)
 ParOldGen       total 135680K, used 34930K [0x00000006c6600000, 0x00000006cea80000, 0x000000076cd00000)
  object space 135680K, 25% used [0x00000006c6600000,0x00000006c881ca08,0x00000006cea80000)
 Metaspace       used 23944K, capacity 24492K, committed 24752K, reserved 1071104K
  class space    used 2788K, capacity 2918K, committed 2992K, reserved 1048576K
}

